This is pdfTeX, Version 3.1415926-2.5-1.40.14 (TeX Live 2013/Debian) (format=pdflatex 2014.10.1)  8 DEC 2014 00:57
entering extended mode
 restricted \write18 enabled.
 %&-line parsing enabled.
**resume.tex
(./resume.tex
LaTeX2e <2011/06/27>
Babel <3.9h> and hyphenation patterns for 2 languages loaded.
(./resume.cls
Document Style `resume' <26 Sep 89, Dec 07>.
Document Class: resume 2000/05/19 v1.4b Resume class
(/usr/share/texlive/texmf-dist/tex/latex/base/article.cls
Document Class: article 2007/10/19 v1.4h Standard LaTeX document class
(/usr/share/texlive/texmf-dist/tex/latex/base/size10.clo
File: size10.clo 2007/10/19 v1.4h Standard LaTeX file (size option)
)
\c@part=\count79
\c@section=\count80
\c@subsection=\count81
\c@subsubsection=\count82
\c@paragraph=\count83
\c@subparagraph=\count84
\c@figure=\count85
\c@table=\count86
\abovecaptionskip=\skip41
\belowcaptionskip=\skip42
\bibindent=\dimen102
)
No auxiliary output files.

\tabular@text=\toks14
\tabular@head=\toks15
\tabular@tail=\toks16
\@ta=\toks17
\undefined@token=\toks18
\sectionwidth=\dimen103
\sectionskip=\skip43
\resumewidth=\dimen104
\@columnwidth=\dimen105
\c@numberofcolumns=\count87
)
No file resume.aux.
LaTeX Font Info:    Checking defaults for OML/cmm/m/it on input line 7.
LaTeX Font Info:    ... okay on input line 7.
LaTeX Font Info:    Checking defaults for T1/cmr/m/n on input line 7.
LaTeX Font Info:    ... okay on input line 7.
LaTeX Font Info:    Checking defaults for OT1/cmr/m/n on input line 7.
LaTeX Font Info:    ... okay on input line 7.
LaTeX Font Info:    Checking defaults for OMS/cmsy/m/n on input line 7.
LaTeX Font Info:    ... okay on input line 7.
LaTeX Font Info:    Checking defaults for OMX/cmex/m/n on input line 7.
LaTeX Font Info:    ... okay on input line 7.
LaTeX Font Info:    Checking defaults for U/cmr/m/n on input line 7.
LaTeX Font Info:    ... okay on input line 7.

Underfull \hbox (badness 10000) in paragraph at lines 30--33

 []


Underfull \hbox (badness 10000) in paragraph at lines 30--33

 []


! LaTeX Error: Lonely \item--perhaps a missing list environment.

See the LaTeX manual or LaTeX Companion for explanation.
Type  H <return>  for immediate help.
 ...                                              
                                                  
l.37         \item E
                    xpected graduation date: June 2015
? 

Underfull \hbox (badness 10000) in paragraph at lines 42--46

 []


Underfull \hbox (badness 10000) in paragraph at lines 42--46

 []


Overfull \hbox (22.56393pt too wide) in paragraph at lines 47--50
\OT1/cmr/bx/n/10 Attended a 5 day work-shop on Free Soft-wares by Free Soft-war
e Move-ment Kar-nataka(FSMK) 
 []


! LaTeX Error: There's no line here to end.

See the LaTeX manual or LaTeX Companion for explanation.
Type  H <return>  for immediate help.
 ...                                              
                                                  
l.53     \\\\
             \section{\mysidestyle Experience}
? 

! LaTeX Error: There's no line here to end.

See the LaTeX manual or LaTeX Companion for explanation.
Type  H <return>  for immediate help.
 ...                                              
                                                  
l.53     \\\\\section
                     {\mysidestyle Experience}
? 

! LaTeX Error: There's no line here to end.

See the LaTeX manual or LaTeX Companion for explanation.
Type  H <return>  for immediate help.
 ...                                              
                                                  
l.56     \\\textbf
                  {Internship at Samsung R\&D Institute, Bangalore} \\ Worke...

? 
! Illegal parameter number in definition of \reserved@a.
<to be read again> 
                   }
l.61 ...  Software(s) used -  \textsl{Dot net, C#}
                                                  \\
? 
! You can't use `macro parameter character #' in horizontal mode.
<argument> Dot net, C##
                       
l.61 ...  Software(s) used -  \textsl{Dot net, C#}
                                                  \\
? 

Underfull \hbox (badness 10000) in paragraph at lines 56--78

 []


Underfull \hbox (badness 10000) in paragraph at lines 56--78

 []


Underfull \hbox (badness 10000) in paragraph at lines 56--78

 []


Underfull \hbox (badness 10000) in paragraph at lines 56--78

 []


Underfull \hbox (badness 10000) in paragraph at lines 56--78

 []


Underfull \hbox (badness 10000) in paragraph at lines 56--78

 []


Underfull \hbox (badness 10000) in paragraph at lines 56--78

 []


Underfull \hbox (badness 10000) in paragraph at lines 56--78

 []


Underfull \hbox (badness 10000) in paragraph at lines 56--78

 []


Overfull \hbox (21.6619pt too wide) in paragraph at lines 56--78
\OT1/cmr/m/n/10 Hosted at http://ceglug.github.io and the code can be found at 
https://github.com/ceglug/ceglug.github.io 
 []


Underfull \hbox (badness 10000) in paragraph at lines 56--78

 []


Underfull \hbox (badness 10000) in paragraph at lines 56--78

 []


Underfull \hbox (badness 10000) in paragraph at lines 56--78

 []

[1

{/var/lib/texmf/fonts/map/pdftex/updmap/pdftex.map}]

! LaTeX Error: There's no line here to end.

See the LaTeX manual or LaTeX Companion for explanation.
Type  H <return>  for immediate help.
 ...                                              
                                                  
l.82     \textbf
                {Proficient in -}  Ruby, C, C++, Shell scripting, Python, JA...

? 
! You can't use `macro parameter character #' in horizontal mode.
l.82 ...Shell scripting, Python, JAVA, DOT NET, C#
                                                  
? 
LaTeX Font Info:    External font `cmex10' loaded for size
(Font)              <7> on input line 83.
LaTeX Font Info:    External font `cmex10' loaded for size
(Font)              <5> on input line 83.

! LaTeX Error: There's no line here to end.

See the LaTeX manual or LaTeX Companion for explanation.
Type  H <return>  for immediate help.
 ...                                              
                                                  
l.86     \textbf
                {Tools I Use}  \\Vim Text Editor, Ruby on Rails, Git version...

? 

Underfull \hbox (badness 10000) in paragraph at lines 86--90

 []


! LaTeX Error: There's no line here to end.

See the LaTeX manual or LaTeX Companion for explanation.
Type  H <return>  for immediate help.
 ...                                              
                                                  
l.91     \\
            GNU/Linux(Debian,CentOS,RHEL,Fedora,ArchLinux,Ubuntu),Windows 7,...

? 

! LaTeX Error: There's no line here to end.

See the LaTeX manual or LaTeX Companion for explanation.
Type  H <return>  for immediate help.
 ...                                              
                                                  
l.91     \\ G
             NU/Linux(Debian,CentOS,RHEL,Fedora,ArchLinux,Ubuntu),Windows 7,...

? 

! LaTeX Error: There's no line here to end.

See the LaTeX manual or LaTeX Companion for explanation.
Type  H <return>  for immediate help.
 ...                                              
                                                  
l.95 	 \\\\
           \section{\mysidestyle Other\\Accompli-\\shments}\\
? 

! LaTeX Error: There's no line here to end.

See the LaTeX manual or LaTeX Companion for explanation.
Type  H <return>  for immediate help.
 ...                                              
                                                  
l.95 	 \\\\\section
                   {\mysidestyle Other\\Accompli-\\shments}\\
? 

! LaTeX Error: There's no line here to end.

See the LaTeX manual or LaTeX Companion for explanation.
Type  H <return>  for immediate help.
 ...                                              
                                                  
l.96     \textbf
                {Worked as Junior Correspondent at "The Guindy Times" -}"The...

? 

Underfull \hbox (badness 10000) in paragraph at lines 96--104

 []


Underfull \hbox (badness 10000) in paragraph at lines 96--104

 []


Underfull \hbox (badness 10000) in paragraph at lines 96--104

 []

[2] [3] ) 
Here is how much of TeX's memory you used:
 302 strings out of 495028
 3199 string characters out of 6181497
 56421 words of memory out of 5000000
 3593 multiletter control sequences out of 15000+600000
 6121 words of font info for 22 fonts, out of 8000000 for 9000
 14 hyphenation exceptions out of 8191
 29i,4n,21p,378b,135s stack positions out of 5000i,500n,10000p,200000b,80000s
</usr/share/texlive/texmf-dist/fonts/type1/public/amsfonts/cm/cmbx10.p
fb></usr/share/texlive/texmf-dist/fonts/type1/public/amsfonts/cm/cmbx12.pfb></u
sr/share/texlive/texmf-dist/fonts/type1/public/amsfonts/cm/cmcsc10.pfb></usr/sh
are/texlive/texmf-dist/fonts/type1/public/amsfonts/cm/cmmi10.pfb></usr/share/te
xlive/texmf-dist/fonts/type1/public/amsfonts/cm/cmr10.pfb></usr/share/texlive/t
exmf-dist/fonts/type1/public/amsfonts/cm/cmr7.pfb></usr/share/texlive/texmf-dis
t/fonts/type1/public/amsfonts/cm/cmsl10.pfb>
Output written on resume.pdf (3 pages, 106861 bytes).
PDF statistics:
 42 PDF objects out of 1000 (max. 8388607)
 29 compressed objects within 1 object stream
 0 named destinations out of 1000 (max. 500000)
 1 words of extra memory for PDF output out of 10000 (max. 10000000)

